TN:
SF:helpers/utils/checkToken.js
FN:3,(anonymous_0)
FNF:1
FNH:0
FNDA:0,(anonymous_0)
DA:1,1
DA:3,1
DA:4,0
DA:5,0
DA:6,0
DA:7,0
DA:8,0
DA:9,0
DA:12,1
LF:9
LH:3
BRDA:5,0,0,0
BRDA:5,0,1,0
BRDA:7,1,0,0
BRDA:7,1,1,0
BRDA:8,2,0,0
BRDA:8,2,1,0
BRF:6
BRH:0
end_of_record
TN:
SF:modules/models.js
FNF:0
FNH:0
DA:2,1
DA:3,1
DA:4,1
DA:5,1
DA:7,1
DA:20,1
LF:6
LH:6
BRF:0
BRH:0
end_of_record
TN:
SF:modules/services.js
FNF:0
FNH:0
DA:1,1
DA:3,1
DA:4,1
DA:5,1
DA:7,1
DA:8,1
LF:6
LH:6
BRF:0
BRH:0
end_of_record
TN:
SF:modules/beneficiary/beneficiary.controller.js
FN:7,(anonymous_0)
FN:14,(anonymous_1)
FN:15,(anonymous_2)
FN:16,(anonymous_3)
FN:17,(anonymous_4)
FN:18,(anonymous_5)
FN:19,(anonymous_6)
FN:22,(anonymous_7)
FN:31,(anonymous_8)
FN:40,(anonymous_9)
FN:46,(anonymous_10)
FN:53,(anonymous_11)
FN:61,(anonymous_12)
FNF:13
FNH:2
FNDA:1,(anonymous_0)
FNDA:0,(anonymous_1)
FNDA:0,(anonymous_2)
FNDA:0,(anonymous_3)
FNDA:0,(anonymous_4)
FNDA:0,(anonymous_5)
FNDA:0,(anonymous_6)
FNDA:1,(anonymous_7)
FNDA:0,(anonymous_8)
FNDA:0,(anonymous_9)
FNDA:0,(anonymous_10)
FNDA:0,(anonymous_11)
FNDA:0,(anonymous_12)
DA:1,1
DA:2,1
DA:3,1
DA:4,1
DA:6,1
DA:8,1
DA:9,1
DA:10,1
DA:13,1
DA:14,0
DA:15,0
DA:16,0
DA:17,0
DA:18,0
DA:19,0
DA:24,1
DA:25,1
DA:27,0
DA:33,0
DA:34,0
DA:36,0
DA:42,0
DA:43,0
DA:47,0
DA:48,0
DA:54,0
DA:58,0
DA:62,0
DA:66,0
LF:29
LH:11
BRF:0
BRH:0
end_of_record
TN:
SF:modules/beneficiary/beneficiary.model.js
FN:23,(anonymous_0)
FNF:1
FNH:1
FNDA:1,(anonymous_0)
DA:1,1
DA:2,1
DA:4,1
DA:21,1
DA:22,1
DA:24,1
LF:6
LH:6
BRF:0
BRH:0
end_of_record
TN:
SF:modules/cache_claimAcquiredERC20/cache.model.js
FN:33,(anonymous_0)
FN:53,(anonymous_1)
FNF:2
FNH:1
FNDA:0,(anonymous_0)
FNDA:1,(anonymous_1)
DA:1,1
DA:3,1
DA:5,1
DA:35,0
DA:51,1
DA:52,1
DA:54,1
LF:7
LH:6
BRF:0
BRH:0
end_of_record
TN:
SF:modules/project/project.model.js
FN:20,(anonymous_0)
FNF:1
FNH:1
FNDA:1,(anonymous_0)
DA:1,1
DA:2,1
DA:4,1
DA:18,1
DA:19,1
DA:21,1
LF:6
LH:6
BRF:0
BRH:0
end_of_record
TN:
SF:modules/vendor/vendor.model.js
FN:20,(anonymous_0)
FNF:1
FNH:1
FNDA:1,(anonymous_0)
DA:1,1
DA:2,1
DA:4,1
DA:18,1
DA:19,1
DA:21,1
LF:6
LH:6
BRF:0
BRH:0
end_of_record
TN:
SF:tests/common.js
FN:6,connectToTestDatbase
FN:19,closeConnection
FN:25,resetDatabase
FNF:3
FNH:3
FNDA:2,connectToTestDatbase
FNDA:2,closeConnection
FNDA:2,resetDatabase
DA:1,4
DA:2,4
DA:4,4
DA:7,2
DA:14,2
DA:15,2
DA:16,2
DA:20,2
DA:21,2
DA:22,2
DA:26,2
DA:27,2
DA:42,4
LF:13
LH:13
BRF:0
BRH:0
end_of_record
TN:
SF:tests/jest.setup.js
FN:19,(anonymous_0)
FN:26,(anonymous_1)
FNF:2
FNH:2
FNDA:1,(anonymous_0)
FNDA:1,(anonymous_1)
DA:1,1
DA:2,1
DA:4,1
DA:5,1
DA:6,1
DA:7,1
DA:8,1
DA:10,1
DA:19,1
DA:21,1
DA:22,1
DA:23,1
DA:26,1
DA:27,1
DA:30,1
LF:15
LH:15
BRF:0
BRH:0
end_of_record
